2018-07-29 16:23:03,594 [INFO] from application in play-dev-mode-akka.actor.default-dispatcher-3 - Creating Pool for datasource 'default'
2018-07-29 16:23:03,609 [INFO] from com.zaxxer.hikari.HikariDataSource in play-dev-mode-akka.actor.default-dispatcher-3 - HikariPool-1 - Starting...
2018-07-29 16:23:03,803 [INFO] from com.zaxxer.hikari.HikariDataSource in play-dev-mode-akka.actor.default-dispatcher-3 - HikariPool-1 - Start completed.
2018-07-29 16:23:03,810 [INFO] from play.api.db.DefaultDBApi in play-dev-mode-akka.actor.default-dispatcher-3 - Database [default] initialized at jdbc:mysql://localhost:3306/server?characterEncoding=UTF8&useSSL=false
2018-07-29 16:23:03,857 [INFO] from akka.event.slf4j.Slf4jLogger in application-akka.actor.default-dispatcher-2 - Slf4jLogger started
2018-07-29 16:23:04,342 [INFO] from play.api.http.EnabledFilters in play-dev-mode-akka.actor.default-dispatcher-3 - Enabled Filters (see <https://www.playframework.com/documentation/latest/Filters>):

    play.filters.cors.CORSFilter

2018-07-29 16:23:04,347 [INFO] from play.api.Play in play-dev-mode-akka.actor.default-dispatcher-3 - Application started (Dev)
2018-07-29 16:23:04,752 [WARN] from com.zaxxer.hikari.HikariConfig in application-akka.actor.default-dispatcher-3 - The initializationFailFast propery is deprecated, see initializationFailTimeout
2018-07-29 16:23:04,755 [INFO] from com.zaxxer.hikari.HikariDataSource in application-akka.actor.default-dispatcher-3 - db - Starting...
2018-07-29 16:23:04,755 [INFO] from com.zaxxer.hikari.HikariDataSource in application-akka.actor.default-dispatcher-3 - db - Start completed.
2018-07-29 16:26:03,524 [INFO] from com.zaxxer.hikari.HikariDataSource in application-akka.actor.default-dispatcher-3 - db - Shutdown initiated...
2018-07-29 16:26:03,540 [INFO] from com.zaxxer.hikari.HikariDataSource in application-akka.actor.default-dispatcher-3 - db - Shutdown completed.
2018-07-29 16:26:03,595 [INFO] from application in application-akka.actor.default-dispatcher-4 - Shutting down connection pool.
2018-07-29 16:26:03,598 [INFO] from com.zaxxer.hikari.HikariDataSource in application-akka.actor.default-dispatcher-4 - HikariPool-1 - Shutdown initiated...
2018-07-29 16:26:03,600 [INFO] from com.zaxxer.hikari.HikariDataSource in application-akka.actor.default-dispatcher-4 - HikariPool-1 - Shutdown completed.
2018-07-29 16:26:03,779 [INFO] from application in play-dev-mode-akka.actor.default-dispatcher-10 - Creating Pool for datasource 'default'
2018-07-29 16:26:03,780 [INFO] from com.zaxxer.hikari.HikariDataSource in play-dev-mode-akka.actor.default-dispatcher-10 - HikariPool-2 - Starting...
2018-07-29 16:26:03,787 [INFO] from com.zaxxer.hikari.HikariDataSource in play-dev-mode-akka.actor.default-dispatcher-10 - HikariPool-2 - Start completed.
2018-07-29 16:26:03,787 [INFO] from play.api.db.DefaultDBApi in play-dev-mode-akka.actor.default-dispatcher-10 - Database [default] initialized at jdbc:mysql://localhost:3306/server?characterEncoding=UTF8&useSSL=false
2018-07-29 16:26:03,817 [INFO] from akka.event.slf4j.Slf4jLogger in application-akka.actor.default-dispatcher-2 - Slf4jLogger started
2018-07-29 16:26:03,855 [INFO] from play.api.http.EnabledFilters in play-dev-mode-akka.actor.default-dispatcher-10 - Enabled Filters (see <https://www.playframework.com/documentation/latest/Filters>):

    play.filters.cors.CORSFilter

2018-07-29 16:26:03,856 [INFO] from play.api.Play in play-dev-mode-akka.actor.default-dispatcher-10 - Application started (Dev)
2018-07-29 16:26:03,896 [WARN] from com.zaxxer.hikari.HikariConfig in application-akka.actor.default-dispatcher-3 - The initializationFailFast propery is deprecated, see initializationFailTimeout
2018-07-29 16:26:03,897 [INFO] from com.zaxxer.hikari.HikariDataSource in application-akka.actor.default-dispatcher-3 - db - Starting...
2018-07-29 16:26:03,898 [INFO] from com.zaxxer.hikari.HikariDataSource in application-akka.actor.default-dispatcher-3 - db - Start completed.
2018-07-29 16:37:41,802 [ERROR] from application in application-akka.actor.default-dispatcher-7 - 

! @78m1378kp - Internal server error, for (GET) [/companyinfo?id=2] ->
 
play.api.http.HttpErrorHandlerExceptions$$anon$1: Execution exception[[AnormException: SqlMappingError(No rows when expecting a single one)]]
	at play.api.http.HttpErrorHandlerExceptions$.throwableToUsefulException(HttpErrorHandler.scala:251)
	at play.api.http.DefaultHttpErrorHandler.onServerError(HttpErrorHandler.scala:178)
	at play.filters.cors.AbstractCORSPolicy$$anonfun$1.applyOrElse(AbstractCORSPolicy.scala:125)
	at play.filters.cors.AbstractCORSPolicy$$anonfun$1.applyOrElse(AbstractCORSPolicy.scala:123)
	at scala.concurrent.Future.$anonfun$recoverWith$1(Future.scala:413)
	at scala.concurrent.impl.Promise.$anonfun$transformWith$1(Promise.scala:37)
	at scala.concurrent.impl.CallbackRunnable.run(Promise.scala:60)
	at play.api.libs.streams.Execution$trampoline$.execute(Execution.scala:70)
	at scala.concurrent.impl.CallbackRunnable.executeWithValue(Promise.scala:68)
	at scala.concurrent.impl.Promise$DefaultPromise.$anonfun$tryComplete$1(Promise.scala:284)
	at scala.concurrent.impl.Promise$DefaultPromise.$anonfun$tryComplete$1$adapted(Promise.scala:284)
	at scala.concurrent.impl.Promise$DefaultPromise.tryComplete(Promise.scala:284)
	at scala.concurrent.Promise.complete(Promise.scala:49)
	at scala.concurrent.Promise.complete$(Promise.scala:48)
	at scala.concurrent.impl.Promise$DefaultPromise.complete(Promise.scala:183)
	at scala.concurrent.impl.Promise.$anonfun$transform$1(Promise.scala:29)
	at scala.concurrent.impl.CallbackRunnable.run(Promise.scala:60)
	at akka.dispatch.BatchingExecutor$AbstractBatch.processBatch(BatchingExecutor.scala:55)
	at akka.dispatch.BatchingExecutor$BlockableBatch.$anonfun$run$1(BatchingExecutor.scala:91)
	at scala.runtime.java8.JFunction0$mcV$sp.apply(JFunction0$mcV$sp.java:12)
	at scala.concurrent.BlockContext$.withBlockContext(BlockContext.scala:81)
	at akka.dispatch.BatchingExecutor$BlockableBatch.run(BatchingExecutor.scala:91)
	at akka.dispatch.TaskInvocation.run(AbstractDispatcher.scala:40)
	at akka.dispatch.ForkJoinExecutorConfigurator$AkkaForkJoinTask.exec(ForkJoinExecutorConfigurator.scala:43)
	at akka.dispatch.forkjoin.ForkJoinTask.doExec(ForkJoinTask.java:260)
	at akka.dispatch.forkjoin.ForkJoinPool$WorkQueue.runTask(ForkJoinPool.java:1339)
	at akka.dispatch.forkjoin.ForkJoinPool.runWorker(ForkJoinPool.java:1979)
	at akka.dispatch.forkjoin.ForkJoinWorkerThread.run(ForkJoinWorkerThread.java:107)
Caused by: anorm.AnormException: SqlMappingError(No rows when expecting a single one)
2018-07-29 16:48:04,505 [INFO] from com.zaxxer.hikari.HikariDataSource in application-akka.actor.default-dispatcher-18 - db - Shutdown initiated...
2018-07-29 16:48:04,509 [INFO] from com.zaxxer.hikari.HikariDataSource in application-akka.actor.default-dispatcher-18 - db - Shutdown completed.
2018-07-29 16:48:04,524 [INFO] from application in application-akka.actor.default-dispatcher-18 - Shutting down connection pool.
2018-07-29 16:48:04,524 [INFO] from com.zaxxer.hikari.HikariDataSource in application-akka.actor.default-dispatcher-18 - HikariPool-2 - Shutdown initiated...
2018-07-29 16:48:04,529 [INFO] from com.zaxxer.hikari.HikariDataSource in application-akka.actor.default-dispatcher-18 - HikariPool-2 - Shutdown completed.
2018-07-29 16:48:04,728 [INFO] from application in play-dev-mode-akka.actor.default-dispatcher-30 - Creating Pool for datasource 'default'
2018-07-29 16:48:04,729 [INFO] from com.zaxxer.hikari.HikariDataSource in play-dev-mode-akka.actor.default-dispatcher-30 - HikariPool-3 - Starting...
2018-07-29 16:48:04,734 [INFO] from com.zaxxer.hikari.HikariDataSource in play-dev-mode-akka.actor.default-dispatcher-30 - HikariPool-3 - Start completed.
2018-07-29 16:48:04,734 [INFO] from play.api.db.DefaultDBApi in play-dev-mode-akka.actor.default-dispatcher-30 - Database [default] initialized at jdbc:mysql://localhost:3306/server?characterEncoding=UTF8&useSSL=false
2018-07-29 16:48:04,767 [INFO] from akka.event.slf4j.Slf4jLogger in application-akka.actor.default-dispatcher-2 - Slf4jLogger started
2018-07-29 16:48:04,812 [INFO] from play.api.http.EnabledFilters in play-dev-mode-akka.actor.default-dispatcher-30 - Enabled Filters (see <https://www.playframework.com/documentation/latest/Filters>):

    play.filters.cors.CORSFilter

2018-07-29 16:48:04,813 [INFO] from play.api.Play in play-dev-mode-akka.actor.default-dispatcher-30 - Application started (Dev)
2018-07-29 16:48:04,838 [WARN] from com.zaxxer.hikari.HikariConfig in application-akka.actor.default-dispatcher-4 - The initializationFailFast propery is deprecated, see initializationFailTimeout
2018-07-29 16:48:04,838 [INFO] from com.zaxxer.hikari.HikariDataSource in application-akka.actor.default-dispatcher-4 - db - Starting...
2018-07-29 16:48:04,838 [INFO] from com.zaxxer.hikari.HikariDataSource in application-akka.actor.default-dispatcher-4 - db - Start completed.
2018-07-29 17:03:57,211 [INFO] from com.zaxxer.hikari.HikariDataSource in application-akka.actor.default-dispatcher-3 - db - Shutdown initiated...
2018-07-29 17:03:57,215 [INFO] from com.zaxxer.hikari.HikariDataSource in application-akka.actor.default-dispatcher-3 - db - Shutdown completed.
2018-07-29 17:03:57,225 [INFO] from application in application-akka.actor.default-dispatcher-6 - Shutting down connection pool.
2018-07-29 17:03:57,225 [INFO] from com.zaxxer.hikari.HikariDataSource in application-akka.actor.default-dispatcher-6 - HikariPool-3 - Shutdown initiated...
2018-07-29 17:03:57,227 [INFO] from com.zaxxer.hikari.HikariDataSource in application-akka.actor.default-dispatcher-6 - HikariPool-3 - Shutdown completed.
2018-07-29 17:03:57,406 [INFO] from application in play-dev-mode-akka.actor.default-dispatcher-35 - Creating Pool for datasource 'default'
2018-07-29 17:03:57,406 [INFO] from com.zaxxer.hikari.HikariDataSource in play-dev-mode-akka.actor.default-dispatcher-35 - HikariPool-4 - Starting...
2018-07-29 17:03:57,412 [INFO] from com.zaxxer.hikari.HikariDataSource in play-dev-mode-akka.actor.default-dispatcher-35 - HikariPool-4 - Start completed.
2018-07-29 17:03:57,412 [INFO] from play.api.db.DefaultDBApi in play-dev-mode-akka.actor.default-dispatcher-35 - Database [default] initialized at jdbc:mysql://localhost:3306/server?characterEncoding=UTF8&useSSL=false
2018-07-29 17:03:57,443 [INFO] from akka.event.slf4j.Slf4jLogger in application-akka.actor.default-dispatcher-2 - Slf4jLogger started
2018-07-29 17:03:57,479 [INFO] from play.api.http.EnabledFilters in play-dev-mode-akka.actor.default-dispatcher-35 - Enabled Filters (see <https://www.playframework.com/documentation/latest/Filters>):

    play.filters.cors.CORSFilter

2018-07-29 17:03:57,479 [INFO] from play.api.Play in play-dev-mode-akka.actor.default-dispatcher-35 - Application started (Dev)
2018-07-29 17:03:57,508 [WARN] from com.zaxxer.hikari.HikariConfig in application-akka.actor.default-dispatcher-2 - The initializationFailFast propery is deprecated, see initializationFailTimeout
2018-07-29 17:03:57,509 [INFO] from com.zaxxer.hikari.HikariDataSource in application-akka.actor.default-dispatcher-2 - db - Starting...
2018-07-29 17:03:57,510 [INFO] from com.zaxxer.hikari.HikariDataSource in application-akka.actor.default-dispatcher-2 - db - Start completed.
2018-07-29 17:03:57,522 [ERROR] from application in application-akka.actor.default-dispatcher-2 - 

! @78m16ipjh - Internal server error, for (GET) [/personalGraph?id=2&kind=6] ->
 
play.api.http.HttpErrorHandlerExceptions$$anon$1: Execution exception[[UnsupportedOperationException: empty.head]]
	at play.api.http.HttpErrorHandlerExceptions$.throwableToUsefulException(HttpErrorHandler.scala:251)
	at play.api.http.DefaultHttpErrorHandler.onServerError(HttpErrorHandler.scala:178)
	at play.filters.cors.AbstractCORSPolicy$$anonfun$1.applyOrElse(AbstractCORSPolicy.scala:125)
	at play.filters.cors.AbstractCORSPolicy$$anonfun$1.applyOrElse(AbstractCORSPolicy.scala:123)
	at scala.concurrent.Future.$anonfun$recoverWith$1(Future.scala:413)
	at scala.concurrent.impl.Promise.$anonfun$transformWith$1(Promise.scala:37)
	at scala.concurrent.impl.CallbackRunnable.run(Promise.scala:60)
	at play.api.libs.streams.Execution$trampoline$.execute(Execution.scala:70)
	at scala.concurrent.impl.CallbackRunnable.executeWithValue(Promise.scala:68)
	at scala.concurrent.impl.Promise$DefaultPromise.$anonfun$tryComplete$1(Promise.scala:284)
	at scala.concurrent.impl.Promise$DefaultPromise.$anonfun$tryComplete$1$adapted(Promise.scala:284)
	at scala.concurrent.impl.Promise$DefaultPromise.tryComplete(Promise.scala:284)
	at scala.concurrent.Promise.complete(Promise.scala:49)
	at scala.concurrent.Promise.complete$(Promise.scala:48)
	at scala.concurrent.impl.Promise$DefaultPromise.complete(Promise.scala:183)
	at scala.concurrent.impl.Promise.$anonfun$transform$1(Promise.scala:29)
	at scala.concurrent.impl.CallbackRunnable.run(Promise.scala:60)
	at akka.dispatch.BatchingExecutor$AbstractBatch.processBatch(BatchingExecutor.scala:55)
	at akka.dispatch.BatchingExecutor$BlockableBatch.$anonfun$run$1(BatchingExecutor.scala:91)
	at scala.runtime.java8.JFunction0$mcV$sp.apply(JFunction0$mcV$sp.java:12)
	at scala.concurrent.BlockContext$.withBlockContext(BlockContext.scala:81)
	at akka.dispatch.BatchingExecutor$BlockableBatch.run(BatchingExecutor.scala:91)
	at akka.dispatch.TaskInvocation.run(AbstractDispatcher.scala:40)
	at akka.dispatch.ForkJoinExecutorConfigurator$AkkaForkJoinTask.exec(ForkJoinExecutorConfigurator.scala:43)
	at akka.dispatch.forkjoin.ForkJoinTask.doExec(ForkJoinTask.java:260)
	at akka.dispatch.forkjoin.ForkJoinPool$WorkQueue.runTask(ForkJoinPool.java:1339)
	at akka.dispatch.forkjoin.ForkJoinPool.runWorker(ForkJoinPool.java:1979)
	at akka.dispatch.forkjoin.ForkJoinWorkerThread.run(ForkJoinWorkerThread.java:107)
Caused by: java.lang.UnsupportedOperationException: empty.head
	at scala.collection.immutable.Vector.head(Vector.scala:185)
	at controllers.Application.$anonfun$getPersonalGraph$3(Application.scala:218)
	at scala.util.Success.$anonfun$map$1(Try.scala:251)
	at scala.util.Success.map(Try.scala:209)
	at scala.concurrent.Future.$anonfun$map$1(Future.scala:288)
	at scala.concurrent.impl.Promise.liftedTree1$1(Promise.scala:29)
	... 13 common frames omitted
2018-07-29 17:03:57,522 [ERROR] from application in application-akka.actor.default-dispatcher-3 - 

! @78m16ipjh - Internal server error, for (GET) [/personalGraph?id=2&kind=7] ->
 
play.api.http.HttpErrorHandlerExceptions$$anon$1: Execution exception[[UnsupportedOperationException: empty.head]]
	at play.api.http.HttpErrorHandlerExceptions$.throwableToUsefulException(HttpErrorHandler.scala:251)
	at play.api.http.DefaultHttpErrorHandler.onServerError(HttpErrorHandler.scala:178)
	at play.filters.cors.AbstractCORSPolicy$$anonfun$1.applyOrElse(AbstractCORSPolicy.scala:125)
	at play.filters.cors.AbstractCORSPolicy$$anonfun$1.applyOrElse(AbstractCORSPolicy.scala:123)
	at scala.concurrent.Future.$anonfun$recoverWith$1(Future.scala:413)
	at scala.concurrent.impl.Promise.$anonfun$transformWith$1(Promise.scala:37)
	at scala.concurrent.impl.CallbackRunnable.run(Promise.scala:60)
	at play.api.libs.streams.Execution$trampoline$.execute(Execution.scala:70)
	at scala.concurrent.impl.CallbackRunnable.executeWithValue(Promise.scala:68)
	at scala.concurrent.impl.Promise$DefaultPromise.$anonfun$tryComplete$1(Promise.scala:284)
	at scala.concurrent.impl.Promise$DefaultPromise.$anonfun$tryComplete$1$adapted(Promise.scala:284)
	at scala.concurrent.impl.Promise$DefaultPromise.tryComplete(Promise.scala:284)
	at scala.concurrent.Promise.complete(Promise.scala:49)
	at scala.concurrent.Promise.complete$(Promise.scala:48)
	at scala.concurrent.impl.Promise$DefaultPromise.complete(Promise.scala:183)
	at scala.concurrent.impl.Promise.$anonfun$transform$1(Promise.scala:29)
	at scala.concurrent.impl.CallbackRunnable.run(Promise.scala:60)
	at akka.dispatch.BatchingExecutor$AbstractBatch.processBatch(BatchingExecutor.scala:55)
	at akka.dispatch.BatchingExecutor$BlockableBatch.$anonfun$run$1(BatchingExecutor.scala:91)
	at scala.runtime.java8.JFunction0$mcV$sp.apply(JFunction0$mcV$sp.java:12)
	at scala.concurrent.BlockContext$.withBlockContext(BlockContext.scala:81)
	at akka.dispatch.BatchingExecutor$BlockableBatch.run(BatchingExecutor.scala:91)
	at akka.dispatch.TaskInvocation.run(AbstractDispatcher.scala:40)
	at akka.dispatch.ForkJoinExecutorConfigurator$AkkaForkJoinTask.exec(ForkJoinExecutorConfigurator.scala:43)
	at akka.dispatch.forkjoin.ForkJoinTask.doExec(ForkJoinTask.java:260)
	at akka.dispatch.forkjoin.ForkJoinPool$WorkQueue.runTask(ForkJoinPool.java:1339)
	at akka.dispatch.forkjoin.ForkJoinPool.runWorker(ForkJoinPool.java:1979)
	at akka.dispatch.forkjoin.ForkJoinWorkerThread.run(ForkJoinWorkerThread.java:107)
Caused by: java.lang.UnsupportedOperationException: empty.head
	at scala.collection.immutable.Vector.head(Vector.scala:185)
	at controllers.Application.$anonfun$getPersonalGraph$3(Application.scala:218)
	at scala.util.Success.$anonfun$map$1(Try.scala:251)
	at scala.util.Success.map(Try.scala:209)
	at scala.concurrent.Future.$anonfun$map$1(Future.scala:288)
	at scala.concurrent.impl.Promise.liftedTree1$1(Promise.scala:29)
	... 13 common frames omitted
2018-07-29 17:05:56,464 [INFO] from com.zaxxer.hikari.HikariDataSource in application-akka.actor.default-dispatcher-3 - db - Shutdown initiated...
2018-07-29 17:05:56,470 [INFO] from com.zaxxer.hikari.HikariDataSource in application-akka.actor.default-dispatcher-3 - db - Shutdown completed.
2018-07-29 17:05:56,490 [INFO] from application in application-akka.actor.default-dispatcher-6 - Shutting down connection pool.
2018-07-29 17:05:56,490 [INFO] from com.zaxxer.hikari.HikariDataSource in application-akka.actor.default-dispatcher-6 - HikariPool-4 - Shutdown initiated...
2018-07-29 17:05:56,493 [INFO] from com.zaxxer.hikari.HikariDataSource in application-akka.actor.default-dispatcher-6 - HikariPool-4 - Shutdown completed.
2018-07-29 17:05:56,687 [INFO] from akka.event.slf4j.Slf4jLogger in application-akka.actor.default-dispatcher-2 - Slf4jLogger started
2018-07-29 17:05:56,692 [INFO] from application in play-dev-mode-akka.actor.default-dispatcher-44 - Creating Pool for datasource 'default'
2018-07-29 17:05:56,693 [INFO] from com.zaxxer.hikari.HikariDataSource in play-dev-mode-akka.actor.default-dispatcher-44 - HikariPool-5 - Starting...
2018-07-29 17:05:56,698 [INFO] from com.zaxxer.hikari.HikariDataSource in play-dev-mode-akka.actor.default-dispatcher-44 - HikariPool-5 - Start completed.
2018-07-29 17:05:56,699 [INFO] from play.api.db.DefaultDBApi in play-dev-mode-akka.actor.default-dispatcher-44 - Database [default] initialized at jdbc:mysql://localhost:3306/server?characterEncoding=UTF8&useSSL=false
2018-07-29 17:05:56,724 [INFO] from play.api.http.EnabledFilters in play-dev-mode-akka.actor.default-dispatcher-44 - Enabled Filters (see <https://www.playframework.com/documentation/latest/Filters>):

    play.filters.cors.CORSFilter

2018-07-29 17:05:56,725 [INFO] from play.api.Play in play-dev-mode-akka.actor.default-dispatcher-44 - Application started (Dev)
2018-07-29 17:05:56,749 [WARN] from com.zaxxer.hikari.HikariConfig in application-akka.actor.default-dispatcher-2 - The initializationFailFast propery is deprecated, see initializationFailTimeout
2018-07-29 17:05:56,749 [INFO] from com.zaxxer.hikari.HikariDataSource in application-akka.actor.default-dispatcher-2 - db - Starting...
2018-07-29 17:05:56,749 [INFO] from com.zaxxer.hikari.HikariDataSource in application-akka.actor.default-dispatcher-2 - db - Start completed.
2018-07-29 17:05:56,757 [ERROR] from application in application-akka.actor.default-dispatcher-2 - 

! @78m16pk3f - Internal server error, for (GET) [/personalGraph?id=2&kind=3] ->
 
play.api.http.HttpErrorHandlerExceptions$$anon$1: Execution exception[[UnsupportedOperationException: empty.head]]
	at play.api.http.HttpErrorHandlerExceptions$.throwableToUsefulException(HttpErrorHandler.scala:251)
	at play.api.http.DefaultHttpErrorHandler.onServerError(HttpErrorHandler.scala:178)
	at play.filters.cors.AbstractCORSPolicy$$anonfun$1.applyOrElse(AbstractCORSPolicy.scala:125)
	at play.filters.cors.AbstractCORSPolicy$$anonfun$1.applyOrElse(AbstractCORSPolicy.scala:123)
	at scala.concurrent.Future.$anonfun$recoverWith$1(Future.scala:413)
	at scala.concurrent.impl.Promise.$anonfun$transformWith$1(Promise.scala:37)
	at scala.concurrent.impl.CallbackRunnable.run(Promise.scala:60)
	at play.api.libs.streams.Execution$trampoline$.execute(Execution.scala:70)
	at scala.concurrent.impl.CallbackRunnable.executeWithValue(Promise.scala:68)
	at scala.concurrent.impl.Promise$DefaultPromise.$anonfun$tryComplete$1(Promise.scala:284)
	at scala.concurrent.impl.Promise$DefaultPromise.$anonfun$tryComplete$1$adapted(Promise.scala:284)
	at scala.concurrent.impl.Promise$DefaultPromise.tryComplete(Promise.scala:284)
	at scala.concurrent.Promise.complete(Promise.scala:49)
	at scala.concurrent.Promise.complete$(Promise.scala:48)
	at scala.concurrent.impl.Promise$DefaultPromise.complete(Promise.scala:183)
	at scala.concurrent.impl.Promise.$anonfun$transform$1(Promise.scala:29)
	at scala.concurrent.impl.CallbackRunnable.run(Promise.scala:60)
	at akka.dispatch.BatchingExecutor$AbstractBatch.processBatch(BatchingExecutor.scala:55)
	at akka.dispatch.BatchingExecutor$BlockableBatch.$anonfun$run$1(BatchingExecutor.scala:91)
	at scala.runtime.java8.JFunction0$mcV$sp.apply(JFunction0$mcV$sp.java:12)
	at scala.concurrent.BlockContext$.withBlockContext(BlockContext.scala:81)
	at akka.dispatch.BatchingExecutor$BlockableBatch.run(BatchingExecutor.scala:91)
	at akka.dispatch.TaskInvocation.run(AbstractDispatcher.scala:40)
	at akka.dispatch.ForkJoinExecutorConfigurator$AkkaForkJoinTask.exec(ForkJoinExecutorConfigurator.scala:43)
	at akka.dispatch.forkjoin.ForkJoinTask.doExec(ForkJoinTask.java:260)
	at akka.dispatch.forkjoin.ForkJoinPool$WorkQueue.runTask(ForkJoinPool.java:1339)
	at akka.dispatch.forkjoin.ForkJoinPool.runWorker(ForkJoinPool.java:1979)
	at akka.dispatch.forkjoin.ForkJoinWorkerThread.run(ForkJoinWorkerThread.java:107)
Caused by: java.lang.UnsupportedOperationException: empty.head
	at scala.collection.immutable.Vector.head(Vector.scala:185)
	at controllers.Application.$anonfun$getPersonalGraph$3(Application.scala:218)
	at scala.util.Success.$anonfun$map$1(Try.scala:251)
	at scala.util.Success.map(Try.scala:209)
	at scala.concurrent.Future.$anonfun$map$1(Future.scala:288)
	at scala.concurrent.impl.Promise.liftedTree1$1(Promise.scala:29)
	... 13 common frames omitted
2018-07-29 17:07:10,197 [ERROR] from application in application-akka.actor.default-dispatcher-3 - 

! @78m173ok6 - Internal server error, for (GET) [/personalGraph?id=2&kind=2] ->
 
play.api.http.HttpErrorHandlerExceptions$$anon$1: Execution exception[[UnsupportedOperationException: empty.head]]
	at play.api.http.HttpErrorHandlerExceptions$.throwableToUsefulException(HttpErrorHandler.scala:251)
	at play.api.http.DefaultHttpErrorHandler.onServerError(HttpErrorHandler.scala:178)
	at play.filters.cors.AbstractCORSPolicy$$anonfun$1.applyOrElse(AbstractCORSPolicy.scala:125)
	at play.filters.cors.AbstractCORSPolicy$$anonfun$1.applyOrElse(AbstractCORSPolicy.scala:123)
	at scala.concurrent.Future.$anonfun$recoverWith$1(Future.scala:413)
	at scala.concurrent.impl.Promise.$anonfun$transformWith$1(Promise.scala:37)
	at scala.concurrent.impl.CallbackRunnable.run(Promise.scala:60)
	at play.api.libs.streams.Execution$trampoline$.execute(Execution.scala:70)
	at scala.concurrent.impl.CallbackRunnable.executeWithValue(Promise.scala:68)
	at scala.concurrent.impl.Promise$DefaultPromise.$anonfun$tryComplete$1(Promise.scala:284)
	at scala.concurrent.impl.Promise$DefaultPromise.$anonfun$tryComplete$1$adapted(Promise.scala:284)
	at scala.concurrent.impl.Promise$DefaultPromise.tryComplete(Promise.scala:284)
	at scala.concurrent.Promise.complete(Promise.scala:49)
	at scala.concurrent.Promise.complete$(Promise.scala:48)
	at scala.concurrent.impl.Promise$DefaultPromise.complete(Promise.scala:183)
	at scala.concurrent.impl.Promise.$anonfun$transform$1(Promise.scala:29)
	at scala.concurrent.impl.CallbackRunnable.run(Promise.scala:60)
	at akka.dispatch.BatchingExecutor$AbstractBatch.processBatch(BatchingExecutor.scala:55)
	at akka.dispatch.BatchingExecutor$BlockableBatch.$anonfun$run$1(BatchingExecutor.scala:91)
	at scala.runtime.java8.JFunction0$mcV$sp.apply(JFunction0$mcV$sp.java:12)
	at scala.concurrent.BlockContext$.withBlockContext(BlockContext.scala:81)
	at akka.dispatch.BatchingExecutor$BlockableBatch.run(BatchingExecutor.scala:91)
	at akka.dispatch.TaskInvocation.run(AbstractDispatcher.scala:40)
	at akka.dispatch.ForkJoinExecutorConfigurator$AkkaForkJoinTask.exec(ForkJoinExecutorConfigurator.scala:43)
	at akka.dispatch.forkjoin.ForkJoinTask.doExec(ForkJoinTask.java:260)
	at akka.dispatch.forkjoin.ForkJoinPool$WorkQueue.runTask(ForkJoinPool.java:1339)
	at akka.dispatch.forkjoin.ForkJoinPool.runWorker(ForkJoinPool.java:1979)
	at akka.dispatch.forkjoin.ForkJoinWorkerThread.run(ForkJoinWorkerThread.java:107)
Caused by: java.lang.UnsupportedOperationException: empty.head
	at scala.collection.immutable.Vector.head(Vector.scala:185)
	at controllers.Application.$anonfun$getPersonalGraph$3(Application.scala:218)
	at scala.util.Success.$anonfun$map$1(Try.scala:251)
	at scala.util.Success.map(Try.scala:209)
	at scala.concurrent.Future.$anonfun$map$1(Future.scala:288)
	at scala.concurrent.impl.Promise.liftedTree1$1(Promise.scala:29)
	... 13 common frames omitted
2018-07-29 17:07:16,811 [ERROR] from application in application-akka.actor.default-dispatcher-3 - 

! @78m1748eg - Internal server error, for (GET) [/personalGraph?id=2&kind=2] ->
 
play.api.http.HttpErrorHandlerExceptions$$anon$1: Execution exception[[UnsupportedOperationException: empty.head]]
	at play.api.http.HttpErrorHandlerExceptions$.throwableToUsefulException(HttpErrorHandler.scala:251)
	at play.api.http.DefaultHttpErrorHandler.onServerError(HttpErrorHandler.scala:178)
	at play.filters.cors.AbstractCORSPolicy$$anonfun$1.applyOrElse(AbstractCORSPolicy.scala:125)
	at play.filters.cors.AbstractCORSPolicy$$anonfun$1.applyOrElse(AbstractCORSPolicy.scala:123)
	at scala.concurrent.Future.$anonfun$recoverWith$1(Future.scala:413)
	at scala.concurrent.impl.Promise.$anonfun$transformWith$1(Promise.scala:37)
	at scala.concurrent.impl.CallbackRunnable.run(Promise.scala:60)
	at play.api.libs.streams.Execution$trampoline$.execute(Execution.scala:70)
	at scala.concurrent.impl.CallbackRunnable.executeWithValue(Promise.scala:68)
	at scala.concurrent.impl.Promise$DefaultPromise.$anonfun$tryComplete$1(Promise.scala:284)
	at scala.concurrent.impl.Promise$DefaultPromise.$anonfun$tryComplete$1$adapted(Promise.scala:284)
	at scala.concurrent.impl.Promise$DefaultPromise.tryComplete(Promise.scala:284)
	at scala.concurrent.Promise.complete(Promise.scala:49)
	at scala.concurrent.Promise.complete$(Promise.scala:48)
	at scala.concurrent.impl.Promise$DefaultPromise.complete(Promise.scala:183)
	at scala.concurrent.impl.Promise.$anonfun$transform$1(Promise.scala:29)
	at scala.concurrent.impl.CallbackRunnable.run(Promise.scala:60)
	at akka.dispatch.BatchingExecutor$AbstractBatch.processBatch(BatchingExecutor.scala:55)
	at akka.dispatch.BatchingExecutor$BlockableBatch.$anonfun$run$1(BatchingExecutor.scala:91)
	at scala.runtime.java8.JFunction0$mcV$sp.apply(JFunction0$mcV$sp.java:12)
	at scala.concurrent.BlockContext$.withBlockContext(BlockContext.scala:81)
	at akka.dispatch.BatchingExecutor$BlockableBatch.run(BatchingExecutor.scala:91)
	at akka.dispatch.TaskInvocation.run(AbstractDispatcher.scala:40)
	at akka.dispatch.ForkJoinExecutorConfigurator$AkkaForkJoinTask.exec(ForkJoinExecutorConfigurator.scala:43)
	at akka.dispatch.forkjoin.ForkJoinTask.doExec(ForkJoinTask.java:260)
	at akka.dispatch.forkjoin.ForkJoinPool$WorkQueue.runTask(ForkJoinPool.java:1339)
	at akka.dispatch.forkjoin.ForkJoinPool.runWorker(ForkJoinPool.java:1979)
	at akka.dispatch.forkjoin.ForkJoinWorkerThread.run(ForkJoinWorkerThread.java:107)
Caused by: java.lang.UnsupportedOperationException: empty.head
	at scala.collection.immutable.Vector.head(Vector.scala:185)
	at controllers.Application.$anonfun$getPersonalGraph$3(Application.scala:218)
	at scala.util.Success.$anonfun$map$1(Try.scala:251)
	at scala.util.Success.map(Try.scala:209)
	at scala.concurrent.Future.$anonfun$map$1(Future.scala:288)
	at scala.concurrent.impl.Promise.liftedTree1$1(Promise.scala:29)
	... 13 common frames omitted
2018-07-29 17:07:28,533 [ERROR] from application in application-akka.actor.default-dispatcher-3 - 

! @78m174pnb - Internal server error, for (GET) [/companyinfo?id=2] ->
 
play.api.http.HttpErrorHandlerExceptions$$anon$1: Execution exception[[AnormException: SqlMappingError(No rows when expecting a single one)]]
	at play.api.http.HttpErrorHandlerExceptions$.throwableToUsefulException(HttpErrorHandler.scala:251)
	at play.api.http.DefaultHttpErrorHandler.onServerError(HttpErrorHandler.scala:178)
	at play.filters.cors.AbstractCORSPolicy$$anonfun$1.applyOrElse(AbstractCORSPolicy.scala:125)
	at play.filters.cors.AbstractCORSPolicy$$anonfun$1.applyOrElse(AbstractCORSPolicy.scala:123)
	at scala.concurrent.Future.$anonfun$recoverWith$1(Future.scala:413)
	at scala.concurrent.impl.Promise.$anonfun$transformWith$1(Promise.scala:37)
	at scala.concurrent.impl.CallbackRunnable.run(Promise.scala:60)
	at play.api.libs.streams.Execution$trampoline$.execute(Execution.scala:70)
	at scala.concurrent.impl.CallbackRunnable.executeWithValue(Promise.scala:68)
	at scala.concurrent.impl.Promise$DefaultPromise.$anonfun$tryComplete$1(Promise.scala:284)
	at scala.concurrent.impl.Promise$DefaultPromise.$anonfun$tryComplete$1$adapted(Promise.scala:284)
	at scala.concurrent.impl.Promise$DefaultPromise.tryComplete(Promise.scala:284)
	at scala.concurrent.Promise.complete(Promise.scala:49)
	at scala.concurrent.Promise.complete$(Promise.scala:48)
	at scala.concurrent.impl.Promise$DefaultPromise.complete(Promise.scala:183)
	at scala.concurrent.impl.Promise.$anonfun$transform$1(Promise.scala:29)
	at scala.concurrent.impl.CallbackRunnable.run(Promise.scala:60)
	at akka.dispatch.BatchingExecutor$AbstractBatch.processBatch(BatchingExecutor.scala:55)
	at akka.dispatch.BatchingExecutor$BlockableBatch.$anonfun$run$1(BatchingExecutor.scala:91)
	at scala.runtime.java8.JFunction0$mcV$sp.apply(JFunction0$mcV$sp.java:12)
	at scala.concurrent.BlockContext$.withBlockContext(BlockContext.scala:81)
	at akka.dispatch.BatchingExecutor$BlockableBatch.run(BatchingExecutor.scala:91)
	at akka.dispatch.TaskInvocation.run(AbstractDispatcher.scala:40)
	at akka.dispatch.ForkJoinExecutorConfigurator$AkkaForkJoinTask.exec(ForkJoinExecutorConfigurator.scala:43)
	at akka.dispatch.forkjoin.ForkJoinTask.doExec(ForkJoinTask.java:260)
	at akka.dispatch.forkjoin.ForkJoinPool$WorkQueue.runTask(ForkJoinPool.java:1339)
	at akka.dispatch.forkjoin.ForkJoinPool.runWorker(ForkJoinPool.java:1979)
	at akka.dispatch.forkjoin.ForkJoinWorkerThread.run(ForkJoinWorkerThread.java:107)
Caused by: anorm.AnormException: SqlMappingError(No rows when expecting a single one)
2018-07-29 17:14:58,283 [INFO] from com.zaxxer.hikari.HikariDataSource in application-akka.actor.default-dispatcher-25 - db - Shutdown initiated...
2018-07-29 17:14:58,286 [INFO] from com.zaxxer.hikari.HikariDataSource in application-akka.actor.default-dispatcher-25 - db - Shutdown completed.
2018-07-29 17:14:58,290 [INFO] from application in application-akka.actor.default-dispatcher-25 - Shutting down connection pool.
2018-07-29 17:14:58,291 [INFO] from com.zaxxer.hikari.HikariDataSource in application-akka.actor.default-dispatcher-25 - HikariPool-5 - Shutdown initiated...
2018-07-29 17:14:58,292 [INFO] from com.zaxxer.hikari.HikariDataSource in application-akka.actor.default-dispatcher-25 - HikariPool-5 - Shutdown completed.
2018-07-29 17:14:58,437 [INFO] from application in play-dev-mode-akka.actor.default-dispatcher-51 - Creating Pool for datasource 'default'
2018-07-29 17:14:58,437 [INFO] from com.zaxxer.hikari.HikariDataSource in play-dev-mode-akka.actor.default-dispatcher-51 - HikariPool-6 - Starting...
2018-07-29 17:14:58,443 [INFO] from com.zaxxer.hikari.HikariDataSource in play-dev-mode-akka.actor.default-dispatcher-51 - HikariPool-6 - Start completed.
2018-07-29 17:14:58,443 [INFO] from play.api.db.DefaultDBApi in play-dev-mode-akka.actor.default-dispatcher-51 - Database [default] initialized at jdbc:mysql://localhost:3306/server?characterEncoding=UTF8&useSSL=false
2018-07-29 17:14:58,466 [INFO] from akka.event.slf4j.Slf4jLogger in application-akka.actor.default-dispatcher-3 - Slf4jLogger started
2018-07-29 17:14:58,498 [INFO] from play.api.http.EnabledFilters in play-dev-mode-akka.actor.default-dispatcher-51 - Enabled Filters (see <https://www.playframework.com/documentation/latest/Filters>):

    play.filters.cors.CORSFilter

2018-07-29 17:14:58,498 [INFO] from play.api.Play in play-dev-mode-akka.actor.default-dispatcher-51 - Application started (Dev)
2018-07-29 17:14:58,518 [WARN] from com.zaxxer.hikari.HikariConfig in application-akka.actor.default-dispatcher-2 - The initializationFailFast propery is deprecated, see initializationFailTimeout
2018-07-29 17:14:58,518 [INFO] from com.zaxxer.hikari.HikariDataSource in application-akka.actor.default-dispatcher-2 - db - Starting...
2018-07-29 17:14:58,519 [INFO] from com.zaxxer.hikari.HikariDataSource in application-akka.actor.default-dispatcher-2 - db - Start completed.
2018-07-29 17:20:21,723 [INFO] from com.zaxxer.hikari.HikariDataSource in application-akka.actor.default-dispatcher-3 - db - Shutdown initiated...
2018-07-29 17:20:21,727 [INFO] from com.zaxxer.hikari.HikariDataSource in application-akka.actor.default-dispatcher-3 - db - Shutdown completed.
2018-07-29 17:20:21,740 [INFO] from application in application-akka.actor.default-dispatcher-5 - Shutting down connection pool.
2018-07-29 17:20:21,740 [INFO] from com.zaxxer.hikari.HikariDataSource in application-akka.actor.default-dispatcher-5 - HikariPool-6 - Shutdown initiated...
2018-07-29 17:20:21,742 [INFO] from com.zaxxer.hikari.HikariDataSource in application-akka.actor.default-dispatcher-5 - HikariPool-6 - Shutdown completed.
2018-07-29 17:20:21,901 [INFO] from akka.event.slf4j.Slf4jLogger in application-akka.actor.default-dispatcher-3 - Slf4jLogger started
2018-07-29 17:20:21,908 [INFO] from application in play-dev-mode-akka.actor.default-dispatcher-49 - Creating Pool for datasource 'default'
2018-07-29 17:20:21,910 [INFO] from com.zaxxer.hikari.HikariDataSource in play-dev-mode-akka.actor.default-dispatcher-49 - HikariPool-7 - Starting...
2018-07-29 17:20:21,916 [INFO] from com.zaxxer.hikari.HikariDataSource in play-dev-mode-akka.actor.default-dispatcher-49 - HikariPool-7 - Start completed.
2018-07-29 17:20:21,916 [INFO] from play.api.db.DefaultDBApi in play-dev-mode-akka.actor.default-dispatcher-49 - Database [default] initialized at jdbc:mysql://localhost:3306/server?characterEncoding=UTF8&useSSL=false
2018-07-29 17:20:21,941 [INFO] from play.api.http.EnabledFilters in play-dev-mode-akka.actor.default-dispatcher-49 - Enabled Filters (see <https://www.playframework.com/documentation/latest/Filters>):

    play.filters.cors.CORSFilter

2018-07-29 17:20:21,942 [INFO] from play.api.Play in play-dev-mode-akka.actor.default-dispatcher-49 - Application started (Dev)
2018-07-29 17:20:21,960 [WARN] from com.zaxxer.hikari.HikariConfig in application-akka.actor.default-dispatcher-2 - The initializationFailFast propery is deprecated, see initializationFailTimeout
2018-07-29 17:20:21,960 [INFO] from com.zaxxer.hikari.HikariDataSource in application-akka.actor.default-dispatcher-2 - db - Starting...
2018-07-29 17:20:21,961 [INFO] from com.zaxxer.hikari.HikariDataSource in application-akka.actor.default-dispatcher-2 - db - Start completed.
2018-07-29 17:23:11,211 [INFO] from com.zaxxer.hikari.HikariDataSource in application-akka.actor.default-dispatcher-3 - db - Shutdown initiated...
2018-07-29 17:23:11,216 [INFO] from com.zaxxer.hikari.HikariDataSource in application-akka.actor.default-dispatcher-3 - db - Shutdown completed.
2018-07-29 17:23:11,221 [INFO] from application in application-akka.actor.default-dispatcher-3 - Shutting down connection pool.
2018-07-29 17:23:11,221 [INFO] from com.zaxxer.hikari.HikariDataSource in application-akka.actor.default-dispatcher-3 - HikariPool-7 - Shutdown initiated...
2018-07-29 17:23:11,224 [INFO] from com.zaxxer.hikari.HikariDataSource in application-akka.actor.default-dispatcher-3 - HikariPool-7 - Shutdown completed.
2018-07-29 17:23:11,406 [INFO] from akka.event.slf4j.Slf4jLogger in application-akka.actor.default-dispatcher-2 - Slf4jLogger started
2018-07-29 17:23:11,409 [INFO] from application in play-dev-mode-akka.actor.default-dispatcher-58 - Creating Pool for datasource 'default'
2018-07-29 17:23:11,410 [INFO] from com.zaxxer.hikari.HikariDataSource in play-dev-mode-akka.actor.default-dispatcher-58 - HikariPool-8 - Starting...
2018-07-29 17:23:11,414 [INFO] from com.zaxxer.hikari.HikariDataSource in play-dev-mode-akka.actor.default-dispatcher-58 - HikariPool-8 - Start completed.
2018-07-29 17:23:11,414 [INFO] from play.api.db.DefaultDBApi in play-dev-mode-akka.actor.default-dispatcher-58 - Database [default] initialized at jdbc:mysql://localhost:3306/server?characterEncoding=UTF8&useSSL=false
2018-07-29 17:23:11,432 [INFO] from play.api.http.EnabledFilters in play-dev-mode-akka.actor.default-dispatcher-58 - Enabled Filters (see <https://www.playframework.com/documentation/latest/Filters>):

    play.filters.cors.CORSFilter

2018-07-29 17:23:11,433 [INFO] from play.api.Play in play-dev-mode-akka.actor.default-dispatcher-58 - Application started (Dev)
2018-07-29 17:23:11,453 [WARN] from com.zaxxer.hikari.HikariConfig in application-akka.actor.default-dispatcher-2 - The initializationFailFast propery is deprecated, see initializationFailTimeout
2018-07-29 17:23:11,453 [INFO] from com.zaxxer.hikari.HikariDataSource in application-akka.actor.default-dispatcher-2 - db - Starting...
2018-07-29 17:23:11,454 [INFO] from com.zaxxer.hikari.HikariDataSource in application-akka.actor.default-dispatcher-2 - db - Start completed.
2018-07-29 17:24:30,228 [INFO] from com.zaxxer.hikari.HikariDataSource in application-akka.actor.default-dispatcher-3 - db - Shutdown initiated...
2018-07-29 17:24:30,235 [INFO] from com.zaxxer.hikari.HikariDataSource in application-akka.actor.default-dispatcher-3 - db - Shutdown completed.
2018-07-29 17:24:30,241 [INFO] from application in application-akka.actor.default-dispatcher-3 - Shutting down connection pool.
2018-07-29 17:24:30,241 [INFO] from com.zaxxer.hikari.HikariDataSource in application-akka.actor.default-dispatcher-3 - HikariPool-8 - Shutdown initiated...
2018-07-29 17:24:30,243 [INFO] from com.zaxxer.hikari.HikariDataSource in application-akka.actor.default-dispatcher-3 - HikariPool-8 - Shutdown completed.
2018-07-29 17:24:30,404 [INFO] from application in play-dev-mode-akka.actor.default-dispatcher-59 - Creating Pool for datasource 'default'
2018-07-29 17:24:30,405 [INFO] from com.zaxxer.hikari.HikariDataSource in play-dev-mode-akka.actor.default-dispatcher-59 - HikariPool-9 - Starting...
2018-07-29 17:24:30,411 [INFO] from com.zaxxer.hikari.HikariDataSource in play-dev-mode-akka.actor.default-dispatcher-59 - HikariPool-9 - Start completed.
2018-07-29 17:24:30,412 [INFO] from play.api.db.DefaultDBApi in play-dev-mode-akka.actor.default-dispatcher-59 - Database [default] initialized at jdbc:mysql://localhost:3306/server?characterEncoding=UTF8&useSSL=false
2018-07-29 17:24:30,438 [INFO] from akka.event.slf4j.Slf4jLogger in application-akka.actor.default-dispatcher-3 - Slf4jLogger started
2018-07-29 17:24:30,471 [INFO] from play.api.http.EnabledFilters in play-dev-mode-akka.actor.default-dispatcher-59 - Enabled Filters (see <https://www.playframework.com/documentation/latest/Filters>):

    play.filters.cors.CORSFilter

2018-07-29 17:24:30,472 [INFO] from play.api.Play in play-dev-mode-akka.actor.default-dispatcher-59 - Application started (Dev)
2018-07-29 17:24:30,496 [WARN] from com.zaxxer.hikari.HikariConfig in application-akka.actor.default-dispatcher-2 - The initializationFailFast propery is deprecated, see initializationFailTimeout
2018-07-29 17:24:30,497 [INFO] from com.zaxxer.hikari.HikariDataSource in application-akka.actor.default-dispatcher-2 - db - Starting...
2018-07-29 17:24:30,497 [INFO] from com.zaxxer.hikari.HikariDataSource in application-akka.actor.default-dispatcher-2 - db - Start completed.
2018-07-29 17:25:08,999 [INFO] from com.zaxxer.hikari.HikariDataSource in application-akka.actor.default-dispatcher-3 - db - Shutdown initiated...
2018-07-29 17:25:09,007 [INFO] from com.zaxxer.hikari.HikariDataSource in application-akka.actor.default-dispatcher-3 - db - Shutdown completed.
2018-07-29 17:25:09,025 [INFO] from application in application-akka.actor.default-dispatcher-7 - Shutting down connection pool.
2018-07-29 17:25:09,025 [INFO] from com.zaxxer.hikari.HikariDataSource in application-akka.actor.default-dispatcher-7 - HikariPool-9 - Shutdown initiated...
2018-07-29 17:25:09,027 [INFO] from com.zaxxer.hikari.HikariDataSource in application-akka.actor.default-dispatcher-7 - HikariPool-9 - Shutdown completed.
2018-07-29 17:25:09,117 [INFO] from application in play-dev-mode-akka.actor.default-dispatcher-59 - Creating Pool for datasource 'default'
2018-07-29 17:25:09,117 [INFO] from com.zaxxer.hikari.HikariDataSource in play-dev-mode-akka.actor.default-dispatcher-59 - HikariPool-10 - Starting...
2018-07-29 17:25:09,121 [INFO] from com.zaxxer.hikari.HikariDataSource in play-dev-mode-akka.actor.default-dispatcher-59 - HikariPool-10 - Start completed.
2018-07-29 17:25:09,121 [INFO] from play.api.db.DefaultDBApi in play-dev-mode-akka.actor.default-dispatcher-59 - Database [default] initialized at jdbc:mysql://localhost:3306/server?characterEncoding=UTF8&useSSL=false
2018-07-29 17:25:09,140 [INFO] from akka.event.slf4j.Slf4jLogger in application-akka.actor.default-dispatcher-3 - Slf4jLogger started
2018-07-29 17:25:09,162 [INFO] from play.api.http.EnabledFilters in play-dev-mode-akka.actor.default-dispatcher-59 - Enabled Filters (see <https://www.playframework.com/documentation/latest/Filters>):

    play.filters.cors.CORSFilter

2018-07-29 17:25:09,162 [INFO] from play.api.Play in play-dev-mode-akka.actor.default-dispatcher-59 - Application started (Dev)
2018-07-29 17:25:09,180 [WARN] from com.zaxxer.hikari.HikariConfig in application-akka.actor.default-dispatcher-4 - The initializationFailFast propery is deprecated, see initializationFailTimeout
2018-07-29 17:25:09,180 [INFO] from com.zaxxer.hikari.HikariDataSource in application-akka.actor.default-dispatcher-4 - db - Starting...
2018-07-29 17:25:09,180 [INFO] from com.zaxxer.hikari.HikariDataSource in application-akka.actor.default-dispatcher-4 - db - Start completed.
